INFO  [2013-09-24 07:32:04,785] org.eclipse.jetty.server.Server: Graceful shutdown SocketConnector@0.0.0.0:8081
INFO  [2013-09-24 07:32:04,786] org.eclipse.jetty.server.Server: Graceful shutdown InstrumentedBlockingChannelConnector@0.0.0.0:8080
INFO  [2013-09-24 07:32:04,787] org.eclipse.jetty.server.Server: Graceful shutdown o.e.j.s.ServletContextHandler{/,null}
INFO  [2013-09-24 07:32:04,788] org.eclipse.jetty.server.Server: Graceful shutdown o.e.j.s.ServletContextHandler{/,file:/Users/john/cmpe273-assignment1/target/classes/}
INFO  [2013-09-24 07:32:06,842] org.eclipse.jetty.server.handler.ContextHandler: stopped o.e.j.s.ServletContextHandler{/,file:/Users/john/cmpe273-assignment1/target/classes/}
INFO  [2013-09-24 07:32:06,842] org.eclipse.jetty.server.handler.ContextHandler: stopped o.e.j.s.ServletContextHandler{/,null}
WARN  [2013-09-24 07:32:16,115] com.yammer.dropwizard.config.ServerFactory: 
!!!!!!!!!!!!!!!!!!!!!!!!!!!!!!!!!!!!!!!!!!!!!!!!!!!!!!!!!!!!!!!!!!!!!!!!!!!!!!!!
!!!!!!!!!!!!!!!!!!!!!!!!!!!!!!!!!!!!!!!!!!!!!!!!!!!!!!!!!!!!!!!!!!!!!!!!!!!!!!!!
!    THIS SERVICE HAS NO HEALTHCHECKS. THIS MEANS YOU WILL NEVER KNOW IF IT    !
!    DIES IN PRODUCTION, WHICH MEANS YOU WILL NEVER KNOW IF YOU'RE LETTING     !
!     YOUR USERS DOWN. YOU SHOULD ADD A HEALTHCHECK FOR EACH DEPENDENCY OF     !
!     YOUR SERVICE WHICH FULLY (BUT LIGHTLY) TESTS YOUR SERVICE'S ABILITY TO   !
!      USE THAT SERVICE. THINK OF IT AS A CONTINUOUS INTEGRATION TEST.         !
!!!!!!!!!!!!!!!!!!!!!!!!!!!!!!!!!!!!!!!!!!!!!!!!!!!!!!!!!!!!!!!!!!!!!!!!!!!!!!!!
!!!!!!!!!!!!!!!!!!!!!!!!!!!!!!!!!!!!!!!!!!!!!!!!!!!!!!!!!!!!!!!!!!!!!!!!!!!!!!!!
INFO  [2013-09-24 07:32:16,186] com.yammer.dropwizard.cli.ServerCommand: Starting library-service
INFO  [2013-09-24 07:32:16,188] org.eclipse.jetty.server.Server: jetty-8.1.10.v20130312
INFO  [2013-09-24 07:32:16,286] com.sun.jersey.server.impl.application.WebApplicationImpl: Initiating Jersey application, version 'Jersey: 1.17.1 02/28/2013 12:47 PM'
INFO  [2013-09-24 07:32:16,359] com.yammer.dropwizard.config.Environment: The following paths were found for the configured resources:

    GET     /library/v1/ (edu.sjsu.cmpe.library.api.resources.RootResource)
    DELETE  /library/v1/books/{isbn} (edu.sjsu.cmpe.library.api.resources.BookResource)
    GET     /library/v1/books/{isbn} (edu.sjsu.cmpe.library.api.resources.BookResource)
    GET     /library/v1/books/{isbn}/authors (edu.sjsu.cmpe.library.api.resources.BookResource)
    GET     /library/v1/books/{isbn}/authors/{id} (edu.sjsu.cmpe.library.api.resources.BookResource)
    GET     /library/v1/books/{isbn}/reviews (edu.sjsu.cmpe.library.api.resources.BookResource)
    GET     /library/v1/books/{isbn}/reviews/{id} (edu.sjsu.cmpe.library.api.resources.BookResource)
    POST    /library/v1/books (edu.sjsu.cmpe.library.api.resources.BookResource)
    POST    /library/v1/books/{isbn}/reviews (edu.sjsu.cmpe.library.api.resources.BookResource)
    PUT     /library/v1/books/{isbn} (edu.sjsu.cmpe.library.api.resources.BookResource)

INFO  [2013-09-24 07:32:16,359] com.yammer.dropwizard.config.Environment: tasks = 

    POST    /tasks/gc (com.yammer.dropwizard.tasks.GarbageCollectionTask)

INFO  [2013-09-24 07:32:16,687] org.eclipse.jetty.server.AbstractConnector: Started InstrumentedBlockingChannelConnector@0.0.0.0:8080
INFO  [2013-09-24 07:32:16,691] org.eclipse.jetty.server.AbstractConnector: Started SocketConnector@0.0.0.0:8081
ERROR [2013-09-24 07:32:38,655] com.yammer.dropwizard.jersey.LoggingExceptionMapper: Error handling a request: 8255f21b144ba067
! java.lang.NullPointerException: null
! at edu.sjsu.cmpe.library.api.resources.BookResource.getBookByIsbn(BookResource.java:72) ~[classes/:na]
! at sun.reflect.NativeMethodAccessorImpl.invoke0(Native Method) ~[na:1.6.0_51]
! at sun.reflect.NativeMethodAccessorImpl.invoke(NativeMethodAccessorImpl.java:39) ~[na:1.6.0_51]
! at sun.reflect.DelegatingMethodAccessorImpl.invoke(DelegatingMethodAccessorImpl.java:25) ~[na:1.6.0_51]
! at java.lang.reflect.Method.invoke(Method.java:597) ~[na:1.6.0_51]
! at com.sun.jersey.spi.container.JavaMethodInvokerFactory$1.invoke(JavaMethodInvokerFactory.java:60) ~[jersey-server-1.17.1.jar:1.17.1]
! at com.sun.jersey.server.impl.model.method.dispatch.AbstractResourceMethodDispatchProvider$TypeOutInvoker._dispatch(AbstractResourceMethodDispatchProvider.java:185) ~[jersey-server-1.17.1.jar:1.17.1]
! at com.sun.jersey.server.impl.model.method.dispatch.ResourceJavaMethodDispatcher.dispatch(ResourceJavaMethodDispatcher.java:75) ~[jersey-server-1.17.1.jar:1.17.1]
! at com.yammer.metrics.jersey.InstrumentedResourceMethodDispatchProvider$TimedRequestDispatcher.dispatch(InstrumentedResourceMethodDispatchProvider.java:32) ~[metrics-jersey-2.2.0.jar:na]
! at com.yammer.dropwizard.jersey.OptionalResourceMethodDispatchAdapter$OptionalRequestDispatcher.dispatch(OptionalResourceMethodDispatchAdapter.java:37) ~[dropwizard-core-0.6.2.jar:na]
! at com.sun.jersey.server.impl.uri.rules.HttpMethodRule.accept(HttpMethodRule.java:302) ~[jersey-server-1.17.1.jar:1.17.1]
! at com.sun.jersey.server.impl.uri.rules.RightHandPathRule.accept(RightHandPathRule.java:147) ~[jersey-server-1.17.1.jar:1.17.1]
! at com.sun.jersey.server.impl.uri.rules.ResourceClassRule.accept(ResourceClassRule.java:108) ~[jersey-server-1.17.1.jar:1.17.1]
! at com.sun.jersey.server.impl.uri.rules.RightHandPathRule.accept(RightHandPathRule.java:147) ~[jersey-server-1.17.1.jar:1.17.1]
! at com.sun.jersey.server.impl.uri.rules.RootResourceClassesRule.accept(RootResourceClassesRule.java:84) ~[jersey-server-1.17.1.jar:1.17.1]
! at com.sun.jersey.server.impl.application.WebApplicationImpl._handleRequest(WebApplicationImpl.java:1511) [jersey-server-1.17.1.jar:1.17.1]
! at com.sun.jersey.server.impl.application.WebApplicationImpl._handleRequest(WebApplicationImpl.java:1442) [jersey-server-1.17.1.jar:1.17.1]
! at com.sun.jersey.server.impl.application.WebApplicationImpl.handleRequest(WebApplicationImpl.java:1391) [jersey-server-1.17.1.jar:1.17.1]
! at com.sun.jersey.server.impl.application.WebApplicationImpl.handleRequest(WebApplicationImpl.java:1381) [jersey-server-1.17.1.jar:1.17.1]
! at com.sun.jersey.spi.container.servlet.WebComponent.service(WebComponent.java:416) [jersey-servlet-1.17.1.jar:1.17.1]
! at com.sun.jersey.spi.container.servlet.ServletContainer.service(ServletContainer.java:538) [jersey-servlet-1.17.1.jar:1.17.1]
! at com.sun.jersey.spi.container.servlet.ServletContainer.service(ServletContainer.java:716) [jersey-servlet-1.17.1.jar:1.17.1]
! at javax.servlet.http.HttpServlet.service(HttpServlet.java:848) [javax.servlet-3.0.0.v201112011016.jar:na]
! at org.eclipse.jetty.servlet.ServletHolder.handle(ServletHolder.java:669) [jetty-servlet-8.1.10.v20130312.jar:8.1.10.v20130312]
! at org.eclipse.jetty.servlet.ServletHandler$CachedChain.doFilter(ServletHandler.java:1448) [jetty-servlet-8.1.10.v20130312.jar:8.1.10.v20130312]
! at com.yammer.dropwizard.servlets.ThreadNameFilter.doFilter(ThreadNameFilter.java:29) [dropwizard-core-0.6.2.jar:na]
! at org.eclipse.jetty.servlet.ServletHandler$CachedChain.doFilter(ServletHandler.java:1419) [jetty-servlet-8.1.10.v20130312.jar:8.1.10.v20130312]
! at org.eclipse.jetty.servlet.ServletHandler.doHandle(ServletHandler.java:455) [jetty-servlet-8.1.10.v20130312.jar:8.1.10.v20130312]
! at org.eclipse.jetty.server.handler.ContextHandler.doHandle(ContextHandler.java:1075) [jetty-server-8.1.10.v20130312.jar:8.1.10.v20130312]
! at org.eclipse.jetty.servlet.ServletHandler.doScope(ServletHandler.java:384) [jetty-servlet-8.1.10.v20130312.jar:8.1.10.v20130312]
! at org.eclipse.jetty.server.handler.ContextHandler.doScope(ContextHandler.java:1009) [jetty-server-8.1.10.v20130312.jar:8.1.10.v20130312]
! at org.eclipse.jetty.server.handler.ScopedHandler.handle(ScopedHandler.java:135) [jetty-server-8.1.10.v20130312.jar:8.1.10.v20130312]
! at org.eclipse.jetty.server.handler.HandlerWrapper.handle(HandlerWrapper.java:116) [jetty-server-8.1.10.v20130312.jar:8.1.10.v20130312]
! at com.yammer.metrics.jetty.InstrumentedHandler.handle(InstrumentedHandler.java:200) [metrics-jetty-2.2.0.jar:na]
! at org.eclipse.jetty.server.handler.GzipHandler.handle(GzipHandler.java:264) [jetty-server-8.1.10.v20130312.jar:8.1.10.v20130312]
! at com.yammer.dropwizard.jetty.BiDiGzipHandler.handle(BiDiGzipHandler.java:123) [dropwizard-core-0.6.2.jar:na]
! at org.eclipse.jetty.server.handler.HandlerCollection.handle(HandlerCollection.java:154) [jetty-server-8.1.10.v20130312.jar:8.1.10.v20130312]
! at org.eclipse.jetty.server.handler.HandlerWrapper.handle(HandlerWrapper.java:116) [jetty-server-8.1.10.v20130312.jar:8.1.10.v20130312]
! at org.eclipse.jetty.server.Server.handle(Server.java:368) [jetty-server-8.1.10.v20130312.jar:8.1.10.v20130312]
! at org.eclipse.jetty.server.AbstractHttpConnection.handleRequest(AbstractHttpConnection.java:489) [jetty-server-8.1.10.v20130312.jar:8.1.10.v20130312]
! at org.eclipse.jetty.server.BlockingHttpConnection.handleRequest(BlockingHttpConnection.java:53) [jetty-server-8.1.10.v20130312.jar:8.1.10.v20130312]
! at org.eclipse.jetty.server.AbstractHttpConnection.headerComplete(AbstractHttpConnection.java:942) [jetty-server-8.1.10.v20130312.jar:8.1.10.v20130312]
! at org.eclipse.jetty.server.AbstractHttpConnection$RequestHandler.headerComplete(AbstractHttpConnection.java:1004) [jetty-server-8.1.10.v20130312.jar:8.1.10.v20130312]
! at org.eclipse.jetty.http.HttpParser.parseNext(HttpParser.java:640) [jetty-http-8.1.10.v20130312.jar:8.1.10.v20130312]
! at org.eclipse.jetty.http.HttpParser.parseAvailable(HttpParser.java:235) [jetty-http-8.1.10.v20130312.jar:8.1.10.v20130312]
! at org.eclipse.jetty.server.BlockingHttpConnection.handle(BlockingHttpConnection.java:72) [jetty-server-8.1.10.v20130312.jar:8.1.10.v20130312]
! at org.eclipse.jetty.server.nio.BlockingChannelConnector$BlockingChannelEndPoint.run(BlockingChannelConnector.java:298) [jetty-server-8.1.10.v20130312.jar:8.1.10.v20130312]
! at org.eclipse.jetty.util.thread.QueuedThreadPool.runJob(QueuedThreadPool.java:608) [jetty-util-8.1.10.v20130312.jar:8.1.10.v20130312]
! at org.eclipse.jetty.util.thread.QueuedThreadPool$3.run(QueuedThreadPool.java:543) [jetty-util-8.1.10.v20130312.jar:8.1.10.v20130312]
! at java.lang.Thread.run(Thread.java:680) [na:1.6.0_51]
INFO  [2013-09-24 07:40:11,076] org.eclipse.jetty.server.Server: Graceful shutdown SocketConnector@0.0.0.0:8081
INFO  [2013-09-24 07:40:11,077] org.eclipse.jetty.server.Server: Graceful shutdown InstrumentedBlockingChannelConnector@0.0.0.0:8080
INFO  [2013-09-24 07:40:11,077] org.eclipse.jetty.server.Server: Graceful shutdown o.e.j.s.ServletContextHandler{/,null}
INFO  [2013-09-24 07:40:11,077] org.eclipse.jetty.server.Server: Graceful shutdown o.e.j.s.ServletContextHandler{/,file:/Users/john/cmpe273-assignment1/target/classes/}
INFO  [2013-09-24 07:40:13,131] org.eclipse.jetty.server.handler.ContextHandler: stopped o.e.j.s.ServletContextHandler{/,file:/Users/john/cmpe273-assignment1/target/classes/}
INFO  [2013-09-24 07:40:13,132] org.eclipse.jetty.server.handler.ContextHandler: stopped o.e.j.s.ServletContextHandler{/,null}
WARN  [2013-09-24 07:40:17,652] com.yammer.dropwizard.config.ServerFactory: 
!!!!!!!!!!!!!!!!!!!!!!!!!!!!!!!!!!!!!!!!!!!!!!!!!!!!!!!!!!!!!!!!!!!!!!!!!!!!!!!!
!!!!!!!!!!!!!!!!!!!!!!!!!!!!!!!!!!!!!!!!!!!!!!!!!!!!!!!!!!!!!!!!!!!!!!!!!!!!!!!!
!    THIS SERVICE HAS NO HEALTHCHECKS. THIS MEANS YOU WILL NEVER KNOW IF IT    !
!    DIES IN PRODUCTION, WHICH MEANS YOU WILL NEVER KNOW IF YOU'RE LETTING     !
!     YOUR USERS DOWN. YOU SHOULD ADD A HEALTHCHECK FOR EACH DEPENDENCY OF     !
!     YOUR SERVICE WHICH FULLY (BUT LIGHTLY) TESTS YOUR SERVICE'S ABILITY TO   !
!      USE THAT SERVICE. THINK OF IT AS A CONTINUOUS INTEGRATION TEST.         !
!!!!!!!!!!!!!!!!!!!!!!!!!!!!!!!!!!!!!!!!!!!!!!!!!!!!!!!!!!!!!!!!!!!!!!!!!!!!!!!!
!!!!!!!!!!!!!!!!!!!!!!!!!!!!!!!!!!!!!!!!!!!!!!!!!!!!!!!!!!!!!!!!!!!!!!!!!!!!!!!!
INFO  [2013-09-24 07:40:17,734] com.yammer.dropwizard.cli.ServerCommand: Starting library-service
INFO  [2013-09-24 07:40:17,737] org.eclipse.jetty.server.Server: jetty-8.1.10.v20130312
INFO  [2013-09-24 07:40:17,851] com.sun.jersey.server.impl.application.WebApplicationImpl: Initiating Jersey application, version 'Jersey: 1.17.1 02/28/2013 12:47 PM'
INFO  [2013-09-24 07:40:17,922] com.yammer.dropwizard.config.Environment: The following paths were found for the configured resources:

    GET     /library/v1/ (edu.sjsu.cmpe.library.api.resources.RootResource)
    DELETE  /library/v1/books/{isbn} (edu.sjsu.cmpe.library.api.resources.BookResource)
    GET     /library/v1/books/{isbn} (edu.sjsu.cmpe.library.api.resources.BookResource)
    GET     /library/v1/books/{isbn}/authors (edu.sjsu.cmpe.library.api.resources.BookResource)
    GET     /library/v1/books/{isbn}/authors/{id} (edu.sjsu.cmpe.library.api.resources.BookResource)
    GET     /library/v1/books/{isbn}/reviews (edu.sjsu.cmpe.library.api.resources.BookResource)
    GET     /library/v1/books/{isbn}/reviews/{id} (edu.sjsu.cmpe.library.api.resources.BookResource)
    POST    /library/v1/books (edu.sjsu.cmpe.library.api.resources.BookResource)
    POST    /library/v1/books/{isbn}/reviews (edu.sjsu.cmpe.library.api.resources.BookResource)
    PUT     /library/v1/books/{isbn} (edu.sjsu.cmpe.library.api.resources.BookResource)

INFO  [2013-09-24 07:40:17,922] com.yammer.dropwizard.config.Environment: tasks = 

    POST    /tasks/gc (com.yammer.dropwizard.tasks.GarbageCollectionTask)

INFO  [2013-09-24 07:40:18,265] org.eclipse.jetty.server.AbstractConnector: Started InstrumentedBlockingChannelConnector@0.0.0.0:8080
INFO  [2013-09-24 07:40:18,269] org.eclipse.jetty.server.AbstractConnector: Started SocketConnector@0.0.0.0:8081
INFO  [2013-09-24 07:42:52,996] org.eclipse.jetty.server.Server: Graceful shutdown SocketConnector@0.0.0.0:8081
INFO  [2013-09-24 07:42:52,997] org.eclipse.jetty.server.Server: Graceful shutdown InstrumentedBlockingChannelConnector@0.0.0.0:8080
INFO  [2013-09-24 07:42:52,999] org.eclipse.jetty.server.Server: Graceful shutdown o.e.j.s.ServletContextHandler{/,null}
INFO  [2013-09-24 07:42:52,999] org.eclipse.jetty.server.Server: Graceful shutdown o.e.j.s.ServletContextHandler{/,file:/Users/john/cmpe273-assignment1/target/classes/}
INFO  [2013-09-24 07:42:55,054] org.eclipse.jetty.server.handler.ContextHandler: stopped o.e.j.s.ServletContextHandler{/,file:/Users/john/cmpe273-assignment1/target/classes/}
INFO  [2013-09-24 07:42:55,054] org.eclipse.jetty.server.handler.ContextHandler: stopped o.e.j.s.ServletContextHandler{/,null}
WARN  [2013-09-24 07:43:08,718] com.yammer.dropwizard.config.ServerFactory: 
!!!!!!!!!!!!!!!!!!!!!!!!!!!!!!!!!!!!!!!!!!!!!!!!!!!!!!!!!!!!!!!!!!!!!!!!!!!!!!!!
!!!!!!!!!!!!!!!!!!!!!!!!!!!!!!!!!!!!!!!!!!!!!!!!!!!!!!!!!!!!!!!!!!!!!!!!!!!!!!!!
!    THIS SERVICE HAS NO HEALTHCHECKS. THIS MEANS YOU WILL NEVER KNOW IF IT    !
!    DIES IN PRODUCTION, WHICH MEANS YOU WILL NEVER KNOW IF YOU'RE LETTING     !
!     YOUR USERS DOWN. YOU SHOULD ADD A HEALTHCHECK FOR EACH DEPENDENCY OF     !
!     YOUR SERVICE WHICH FULLY (BUT LIGHTLY) TESTS YOUR SERVICE'S ABILITY TO   !
!      USE THAT SERVICE. THINK OF IT AS A CONTINUOUS INTEGRATION TEST.         !
!!!!!!!!!!!!!!!!!!!!!!!!!!!!!!!!!!!!!!!!!!!!!!!!!!!!!!!!!!!!!!!!!!!!!!!!!!!!!!!!
!!!!!!!!!!!!!!!!!!!!!!!!!!!!!!!!!!!!!!!!!!!!!!!!!!!!!!!!!!!!!!!!!!!!!!!!!!!!!!!!
INFO  [2013-09-24 07:43:08,804] com.yammer.dropwizard.cli.ServerCommand: Starting library-service
INFO  [2013-09-24 07:43:08,806] org.eclipse.jetty.server.Server: jetty-8.1.10.v20130312
INFO  [2013-09-24 07:43:08,912] com.sun.jersey.server.impl.application.WebApplicationImpl: Initiating Jersey application, version 'Jersey: 1.17.1 02/28/2013 12:47 PM'
INFO  [2013-09-24 07:43:08,980] com.yammer.dropwizard.config.Environment: The following paths were found for the configured resources:

    GET     /library/v1/ (edu.sjsu.cmpe.library.api.resources.RootResource)
    DELETE  /library/v1/books/{isbn} (edu.sjsu.cmpe.library.api.resources.BookResource)
    GET     /library/v1/books/{isbn} (edu.sjsu.cmpe.library.api.resources.BookResource)
    GET     /library/v1/books/{isbn}/authors (edu.sjsu.cmpe.library.api.resources.BookResource)
    GET     /library/v1/books/{isbn}/authors/{id} (edu.sjsu.cmpe.library.api.resources.BookResource)
    GET     /library/v1/books/{isbn}/reviews (edu.sjsu.cmpe.library.api.resources.BookResource)
    GET     /library/v1/books/{isbn}/reviews/{id} (edu.sjsu.cmpe.library.api.resources.BookResource)
    POST    /library/v1/books (edu.sjsu.cmpe.library.api.resources.BookResource)
    POST    /library/v1/books/{isbn}/reviews (edu.sjsu.cmpe.library.api.resources.BookResource)
    PUT     /library/v1/books/{isbn} (edu.sjsu.cmpe.library.api.resources.BookResource)

INFO  [2013-09-24 07:43:08,980] com.yammer.dropwizard.config.Environment: tasks = 

    POST    /tasks/gc (com.yammer.dropwizard.tasks.GarbageCollectionTask)

INFO  [2013-09-24 07:43:09,291] org.eclipse.jetty.server.AbstractConnector: Started InstrumentedBlockingChannelConnector@0.0.0.0:8080
INFO  [2013-09-24 07:43:09,296] org.eclipse.jetty.server.AbstractConnector: Started SocketConnector@0.0.0.0:8081
INFO  [2013-09-24 16:51:02,239] org.eclipse.jetty.server.Server: Graceful shutdown SocketConnector@0.0.0.0:8081
INFO  [2013-09-24 16:51:02,240] org.eclipse.jetty.server.Server: Graceful shutdown InstrumentedBlockingChannelConnector@0.0.0.0:8080
INFO  [2013-09-24 16:51:02,240] org.eclipse.jetty.server.Server: Graceful shutdown o.e.j.s.ServletContextHandler{/,null}
INFO  [2013-09-24 16:51:02,240] org.eclipse.jetty.server.Server: Graceful shutdown o.e.j.s.ServletContextHandler{/,file:/Users/john/cmpe273-assignment1/target/classes/}
INFO  [2013-09-24 16:51:04,293] org.eclipse.jetty.server.handler.ContextHandler: stopped o.e.j.s.ServletContextHandler{/,file:/Users/john/cmpe273-assignment1/target/classes/}
INFO  [2013-09-24 16:51:04,294] org.eclipse.jetty.server.handler.ContextHandler: stopped o.e.j.s.ServletContextHandler{/,null}
WARN  [2013-09-24 17:09:38,675] com.yammer.dropwizard.config.ServerFactory: 
!!!!!!!!!!!!!!!!!!!!!!!!!!!!!!!!!!!!!!!!!!!!!!!!!!!!!!!!!!!!!!!!!!!!!!!!!!!!!!!!
!!!!!!!!!!!!!!!!!!!!!!!!!!!!!!!!!!!!!!!!!!!!!!!!!!!!!!!!!!!!!!!!!!!!!!!!!!!!!!!!
!    THIS SERVICE HAS NO HEALTHCHECKS. THIS MEANS YOU WILL NEVER KNOW IF IT    !
!    DIES IN PRODUCTION, WHICH MEANS YOU WILL NEVER KNOW IF YOU'RE LETTING     !
!     YOUR USERS DOWN. YOU SHOULD ADD A HEALTHCHECK FOR EACH DEPENDENCY OF     !
!     YOUR SERVICE WHICH FULLY (BUT LIGHTLY) TESTS YOUR SERVICE'S ABILITY TO   !
!      USE THAT SERVICE. THINK OF IT AS A CONTINUOUS INTEGRATION TEST.         !
!!!!!!!!!!!!!!!!!!!!!!!!!!!!!!!!!!!!!!!!!!!!!!!!!!!!!!!!!!!!!!!!!!!!!!!!!!!!!!!!
!!!!!!!!!!!!!!!!!!!!!!!!!!!!!!!!!!!!!!!!!!!!!!!!!!!!!!!!!!!!!!!!!!!!!!!!!!!!!!!!
INFO  [2013-09-24 17:09:39,517] com.yammer.dropwizard.cli.ServerCommand: Starting library-service
INFO  [2013-09-24 17:09:39,524] org.eclipse.jetty.server.Server: jetty-8.1.10.v20130312
INFO  [2013-09-24 17:09:39,787] com.sun.jersey.server.impl.application.WebApplicationImpl: Initiating Jersey application, version 'Jersey: 1.17.1 02/28/2013 12:47 PM'
INFO  [2013-09-24 17:09:39,984] com.yammer.dropwizard.config.Environment: The following paths were found for the configured resources:

    GET     /library/v1/ (edu.sjsu.cmpe.library.api.resources.RootResource)
    DELETE  /library/v1/books/{isbn} (edu.sjsu.cmpe.library.api.resources.BookResource)
    GET     /library/v1/books/{isbn} (edu.sjsu.cmpe.library.api.resources.BookResource)
    GET     /library/v1/books/{isbn}/authors (edu.sjsu.cmpe.library.api.resources.BookResource)
    GET     /library/v1/books/{isbn}/authors/{id} (edu.sjsu.cmpe.library.api.resources.BookResource)
    GET     /library/v1/books/{isbn}/reviews (edu.sjsu.cmpe.library.api.resources.BookResource)
    GET     /library/v1/books/{isbn}/reviews/{id} (edu.sjsu.cmpe.library.api.resources.BookResource)
    POST    /library/v1/books (edu.sjsu.cmpe.library.api.resources.BookResource)
    POST    /library/v1/books/{isbn}/reviews (edu.sjsu.cmpe.library.api.resources.BookResource)
    PUT     /library/v1/books/{isbn} (edu.sjsu.cmpe.library.api.resources.BookResource)

INFO  [2013-09-24 17:09:39,984] com.yammer.dropwizard.config.Environment: tasks = 

    POST    /tasks/gc (com.yammer.dropwizard.tasks.GarbageCollectionTask)

INFO  [2013-09-24 17:09:40,461] org.eclipse.jetty.server.AbstractConnector: Started InstrumentedBlockingChannelConnector@0.0.0.0:8080
INFO  [2013-09-24 17:09:40,467] org.eclipse.jetty.server.AbstractConnector: Started SocketConnector@0.0.0.0:8081
INFO  [2013-09-24 17:12:24,183] org.eclipse.jetty.server.Server: Graceful shutdown SocketConnector@0.0.0.0:8081
INFO  [2013-09-24 17:12:24,184] org.eclipse.jetty.server.Server: Graceful shutdown InstrumentedBlockingChannelConnector@0.0.0.0:8080
INFO  [2013-09-24 17:12:24,186] org.eclipse.jetty.server.Server: Graceful shutdown o.e.j.s.ServletContextHandler{/,null}
INFO  [2013-09-24 17:12:24,187] org.eclipse.jetty.server.Server: Graceful shutdown o.e.j.s.ServletContextHandler{/,file:/Users/john/cmpe273-assignment1/target/classes/}
INFO  [2013-09-24 17:12:26,244] org.eclipse.jetty.server.handler.ContextHandler: stopped o.e.j.s.ServletContextHandler{/,file:/Users/john/cmpe273-assignment1/target/classes/}
INFO  [2013-09-24 17:12:26,247] org.eclipse.jetty.server.handler.ContextHandler: stopped o.e.j.s.ServletContextHandler{/,null}
WARN  [2013-09-24 17:13:23,929] com.yammer.dropwizard.config.ServerFactory: 
!!!!!!!!!!!!!!!!!!!!!!!!!!!!!!!!!!!!!!!!!!!!!!!!!!!!!!!!!!!!!!!!!!!!!!!!!!!!!!!!
!!!!!!!!!!!!!!!!!!!!!!!!!!!!!!!!!!!!!!!!!!!!!!!!!!!!!!!!!!!!!!!!!!!!!!!!!!!!!!!!
!    THIS SERVICE HAS NO HEALTHCHECKS. THIS MEANS YOU WILL NEVER KNOW IF IT    !
!    DIES IN PRODUCTION, WHICH MEANS YOU WILL NEVER KNOW IF YOU'RE LETTING     !
!     YOUR USERS DOWN. YOU SHOULD ADD A HEALTHCHECK FOR EACH DEPENDENCY OF     !
!     YOUR SERVICE WHICH FULLY (BUT LIGHTLY) TESTS YOUR SERVICE'S ABILITY TO   !
!      USE THAT SERVICE. THINK OF IT AS A CONTINUOUS INTEGRATION TEST.         !
!!!!!!!!!!!!!!!!!!!!!!!!!!!!!!!!!!!!!!!!!!!!!!!!!!!!!!!!!!!!!!!!!!!!!!!!!!!!!!!!
!!!!!!!!!!!!!!!!!!!!!!!!!!!!!!!!!!!!!!!!!!!!!!!!!!!!!!!!!!!!!!!!!!!!!!!!!!!!!!!!
INFO  [2013-09-24 17:13:23,998] com.yammer.dropwizard.cli.ServerCommand: Starting library-service
INFO  [2013-09-24 17:13:23,999] org.eclipse.jetty.server.Server: jetty-8.1.10.v20130312
INFO  [2013-09-24 17:13:24,114] com.sun.jersey.server.impl.application.WebApplicationImpl: Initiating Jersey application, version 'Jersey: 1.17.1 02/28/2013 12:47 PM'
INFO  [2013-09-24 17:13:24,283] com.yammer.dropwizard.config.Environment: The following paths were found for the configured resources:

    GET     /library/v1/ (edu.sjsu.cmpe.library.api.resources.RootResource)
    DELETE  /library/v1/books/{isbn} (edu.sjsu.cmpe.library.api.resources.BookResource)
    GET     /library/v1/books/{isbn} (edu.sjsu.cmpe.library.api.resources.BookResource)
    GET     /library/v1/books/{isbn}/authors (edu.sjsu.cmpe.library.api.resources.BookResource)
    GET     /library/v1/books/{isbn}/authors/{id} (edu.sjsu.cmpe.library.api.resources.BookResource)
    GET     /library/v1/books/{isbn}/reviews (edu.sjsu.cmpe.library.api.resources.BookResource)
    GET     /library/v1/books/{isbn}/reviews/{id} (edu.sjsu.cmpe.library.api.resources.BookResource)
    POST    /library/v1/books (edu.sjsu.cmpe.library.api.resources.BookResource)
    POST    /library/v1/books/{isbn}/reviews (edu.sjsu.cmpe.library.api.resources.BookResource)
    PUT     /library/v1/books/{isbn} (edu.sjsu.cmpe.library.api.resources.BookResource)

INFO  [2013-09-24 17:13:24,283] com.yammer.dropwizard.config.Environment: tasks = 

    POST    /tasks/gc (com.yammer.dropwizard.tasks.GarbageCollectionTask)

INFO  [2013-09-24 17:13:24,654] org.eclipse.jetty.server.AbstractConnector: Started InstrumentedBlockingChannelConnector@0.0.0.0:8080
INFO  [2013-09-24 17:13:24,658] org.eclipse.jetty.server.AbstractConnector: Started SocketConnector@0.0.0.0:8081
ERROR [2013-09-24 17:14:45,668] com.yammer.dropwizard.jersey.LoggingExceptionMapper: Error handling a request: 178635d0a477fa23
! java.lang.NullPointerException: null
! at edu.sjsu.cmpe.library.api.resources.BookResource.viewBookAuthors(BookResource.java:512) ~[classes/:na]
! at sun.reflect.NativeMethodAccessorImpl.invoke0(Native Method) ~[na:1.6.0_51]
! at sun.reflect.NativeMethodAccessorImpl.invoke(NativeMethodAccessorImpl.java:39) ~[na:1.6.0_51]
! at sun.reflect.DelegatingMethodAccessorImpl.invoke(DelegatingMethodAccessorImpl.java:25) ~[na:1.6.0_51]
! at java.lang.reflect.Method.invoke(Method.java:597) ~[na:1.6.0_51]
! at com.sun.jersey.spi.container.JavaMethodInvokerFactory$1.invoke(JavaMethodInvokerFactory.java:60) ~[jersey-server-1.17.1.jar:1.17.1]
! at com.sun.jersey.server.impl.model.method.dispatch.AbstractResourceMethodDispatchProvider$TypeOutInvoker._dispatch(AbstractResourceMethodDispatchProvider.java:185) ~[jersey-server-1.17.1.jar:1.17.1]
! at com.sun.jersey.server.impl.model.method.dispatch.ResourceJavaMethodDispatcher.dispatch(ResourceJavaMethodDispatcher.java:75) ~[jersey-server-1.17.1.jar:1.17.1]
! at com.yammer.metrics.jersey.InstrumentedResourceMethodDispatchProvider$TimedRequestDispatcher.dispatch(InstrumentedResourceMethodDispatchProvider.java:32) ~[metrics-jersey-2.2.0.jar:na]
! at com.yammer.dropwizard.jersey.OptionalResourceMethodDispatchAdapter$OptionalRequestDispatcher.dispatch(OptionalResourceMethodDispatchAdapter.java:37) ~[dropwizard-core-0.6.2.jar:na]
! at com.sun.jersey.server.impl.uri.rules.HttpMethodRule.accept(HttpMethodRule.java:302) ~[jersey-server-1.17.1.jar:1.17.1]
! at com.sun.jersey.server.impl.uri.rules.RightHandPathRule.accept(RightHandPathRule.java:147) ~[jersey-server-1.17.1.jar:1.17.1]
! at com.sun.jersey.server.impl.uri.rules.ResourceClassRule.accept(ResourceClassRule.java:108) ~[jersey-server-1.17.1.jar:1.17.1]
! at com.sun.jersey.server.impl.uri.rules.RightHandPathRule.accept(RightHandPathRule.java:147) ~[jersey-server-1.17.1.jar:1.17.1]
! at com.sun.jersey.server.impl.uri.rules.RootResourceClassesRule.accept(RootResourceClassesRule.java:84) ~[jersey-server-1.17.1.jar:1.17.1]
! at com.sun.jersey.server.impl.application.WebApplicationImpl._handleRequest(WebApplicationImpl.java:1511) [jersey-server-1.17.1.jar:1.17.1]
! at com.sun.jersey.server.impl.application.WebApplicationImpl._handleRequest(WebApplicationImpl.java:1442) [jersey-server-1.17.1.jar:1.17.1]
! at com.sun.jersey.server.impl.application.WebApplicationImpl.handleRequest(WebApplicationImpl.java:1391) [jersey-server-1.17.1.jar:1.17.1]
! at com.sun.jersey.server.impl.application.WebApplicationImpl.handleRequest(WebApplicationImpl.java:1381) [jersey-server-1.17.1.jar:1.17.1]
! at com.sun.jersey.spi.container.servlet.WebComponent.service(WebComponent.java:416) [jersey-servlet-1.17.1.jar:1.17.1]
! at com.sun.jersey.spi.container.servlet.ServletContainer.service(ServletContainer.java:538) [jersey-servlet-1.17.1.jar:1.17.1]
! at com.sun.jersey.spi.container.servlet.ServletContainer.service(ServletContainer.java:716) [jersey-servlet-1.17.1.jar:1.17.1]
! at javax.servlet.http.HttpServlet.service(HttpServlet.java:848) [javax.servlet-3.0.0.v201112011016.jar:na]
! at org.eclipse.jetty.servlet.ServletHolder.handle(ServletHolder.java:669) [jetty-servlet-8.1.10.v20130312.jar:8.1.10.v20130312]
! at org.eclipse.jetty.servlet.ServletHandler$CachedChain.doFilter(ServletHandler.java:1448) [jetty-servlet-8.1.10.v20130312.jar:8.1.10.v20130312]
! at com.yammer.dropwizard.servlets.ThreadNameFilter.doFilter(ThreadNameFilter.java:29) [dropwizard-core-0.6.2.jar:na]
! at org.eclipse.jetty.servlet.ServletHandler$CachedChain.doFilter(ServletHandler.java:1419) [jetty-servlet-8.1.10.v20130312.jar:8.1.10.v20130312]
! at org.eclipse.jetty.servlet.ServletHandler.doHandle(ServletHandler.java:455) [jetty-servlet-8.1.10.v20130312.jar:8.1.10.v20130312]
! at org.eclipse.jetty.server.handler.ContextHandler.doHandle(ContextHandler.java:1075) [jetty-server-8.1.10.v20130312.jar:8.1.10.v20130312]
! at org.eclipse.jetty.servlet.ServletHandler.doScope(ServletHandler.java:384) [jetty-servlet-8.1.10.v20130312.jar:8.1.10.v20130312]
! at org.eclipse.jetty.server.handler.ContextHandler.doScope(ContextHandler.java:1009) [jetty-server-8.1.10.v20130312.jar:8.1.10.v20130312]
! at org.eclipse.jetty.server.handler.ScopedHandler.handle(ScopedHandler.java:135) [jetty-server-8.1.10.v20130312.jar:8.1.10.v20130312]
! at org.eclipse.jetty.server.handler.HandlerWrapper.handle(HandlerWrapper.java:116) [jetty-server-8.1.10.v20130312.jar:8.1.10.v20130312]
! at com.yammer.metrics.jetty.InstrumentedHandler.handle(InstrumentedHandler.java:200) [metrics-jetty-2.2.0.jar:na]
! at org.eclipse.jetty.server.handler.GzipHandler.handle(GzipHandler.java:264) [jetty-server-8.1.10.v20130312.jar:8.1.10.v20130312]
! at com.yammer.dropwizard.jetty.BiDiGzipHandler.handle(BiDiGzipHandler.java:123) [dropwizard-core-0.6.2.jar:na]
! at org.eclipse.jetty.server.handler.HandlerCollection.handle(HandlerCollection.java:154) [jetty-server-8.1.10.v20130312.jar:8.1.10.v20130312]
! at org.eclipse.jetty.server.handler.HandlerWrapper.handle(HandlerWrapper.java:116) [jetty-server-8.1.10.v20130312.jar:8.1.10.v20130312]
! at org.eclipse.jetty.server.Server.handle(Server.java:368) [jetty-server-8.1.10.v20130312.jar:8.1.10.v20130312]
! at org.eclipse.jetty.server.AbstractHttpConnection.handleRequest(AbstractHttpConnection.java:489) [jetty-server-8.1.10.v20130312.jar:8.1.10.v20130312]
! at org.eclipse.jetty.server.BlockingHttpConnection.handleRequest(BlockingHttpConnection.java:53) [jetty-server-8.1.10.v20130312.jar:8.1.10.v20130312]
! at org.eclipse.jetty.server.AbstractHttpConnection.headerComplete(AbstractHttpConnection.java:942) [jetty-server-8.1.10.v20130312.jar:8.1.10.v20130312]
! at org.eclipse.jetty.server.AbstractHttpConnection$RequestHandler.headerComplete(AbstractHttpConnection.java:1004) [jetty-server-8.1.10.v20130312.jar:8.1.10.v20130312]
! at org.eclipse.jetty.http.HttpParser.parseNext(HttpParser.java:640) [jetty-http-8.1.10.v20130312.jar:8.1.10.v20130312]
! at org.eclipse.jetty.http.HttpParser.parseAvailable(HttpParser.java:235) [jetty-http-8.1.10.v20130312.jar:8.1.10.v20130312]
! at org.eclipse.jetty.server.BlockingHttpConnection.handle(BlockingHttpConnection.java:72) [jetty-server-8.1.10.v20130312.jar:8.1.10.v20130312]
! at org.eclipse.jetty.server.nio.BlockingChannelConnector$BlockingChannelEndPoint.run(BlockingChannelConnector.java:298) [jetty-server-8.1.10.v20130312.jar:8.1.10.v20130312]
! at org.eclipse.jetty.util.thread.QueuedThreadPool.runJob(QueuedThreadPool.java:608) [jetty-util-8.1.10.v20130312.jar:8.1.10.v20130312]
! at org.eclipse.jetty.util.thread.QueuedThreadPool$3.run(QueuedThreadPool.java:543) [jetty-util-8.1.10.v20130312.jar:8.1.10.v20130312]
! at java.lang.Thread.run(Thread.java:680) [na:1.6.0_51]
INFO  [2013-09-24 17:15:42,469] org.eclipse.jetty.server.Server: Graceful shutdown SocketConnector@0.0.0.0:8081
INFO  [2013-09-24 17:15:42,470] org.eclipse.jetty.server.Server: Graceful shutdown InstrumentedBlockingChannelConnector@0.0.0.0:8080
INFO  [2013-09-24 17:15:42,472] org.eclipse.jetty.server.Server: Graceful shutdown o.e.j.s.ServletContextHandler{/,null}
WARN  [2013-09-24 17:15:42,472] org.eclipse.jetty.server.AbstractConnector: 
! java.lang.NullPointerException: null
! at org.eclipse.jetty.server.nio.BlockingChannelConnector.accept(BlockingChannelConnector.java:143) ~[jetty-server-8.1.10.v20130312.jar:8.1.10.v20130312]
! at com.yammer.metrics.jetty.InstrumentedBlockingChannelConnector.accept(InstrumentedBlockingChannelConnector.java:54) ~[metrics-jetty-2.2.0.jar:na]
! at org.eclipse.jetty.server.AbstractConnector$Acceptor.run(AbstractConnector.java:938) ~[jetty-server-8.1.10.v20130312.jar:8.1.10.v20130312]
! at org.eclipse.jetty.util.thread.QueuedThreadPool.runJob(QueuedThreadPool.java:608) [jetty-util-8.1.10.v20130312.jar:8.1.10.v20130312]
! at org.eclipse.jetty.util.thread.QueuedThreadPool$3.run(QueuedThreadPool.java:543) [jetty-util-8.1.10.v20130312.jar:8.1.10.v20130312]
! at java.lang.Thread.run(Thread.java:680) [na:1.6.0_51]
INFO  [2013-09-24 17:15:42,472] org.eclipse.jetty.server.Server: Graceful shutdown o.e.j.s.ServletContextHandler{/,file:/Users/john/cmpe273-assignment1/target/classes/}
INFO  [2013-09-24 17:15:44,527] org.eclipse.jetty.server.handler.ContextHandler: stopped o.e.j.s.ServletContextHandler{/,file:/Users/john/cmpe273-assignment1/target/classes/}
INFO  [2013-09-24 17:15:44,527] org.eclipse.jetty.server.handler.ContextHandler: stopped o.e.j.s.ServletContextHandler{/,null}
WARN  [2013-09-24 17:15:50,957] com.yammer.dropwizard.config.ServerFactory: 
!!!!!!!!!!!!!!!!!!!!!!!!!!!!!!!!!!!!!!!!!!!!!!!!!!!!!!!!!!!!!!!!!!!!!!!!!!!!!!!!
!!!!!!!!!!!!!!!!!!!!!!!!!!!!!!!!!!!!!!!!!!!!!!!!!!!!!!!!!!!!!!!!!!!!!!!!!!!!!!!!
!    THIS SERVICE HAS NO HEALTHCHECKS. THIS MEANS YOU WILL NEVER KNOW IF IT    !
!    DIES IN PRODUCTION, WHICH MEANS YOU WILL NEVER KNOW IF YOU'RE LETTING     !
!     YOUR USERS DOWN. YOU SHOULD ADD A HEALTHCHECK FOR EACH DEPENDENCY OF     !
!     YOUR SERVICE WHICH FULLY (BUT LIGHTLY) TESTS YOUR SERVICE'S ABILITY TO   !
!      USE THAT SERVICE. THINK OF IT AS A CONTINUOUS INTEGRATION TEST.         !
!!!!!!!!!!!!!!!!!!!!!!!!!!!!!!!!!!!!!!!!!!!!!!!!!!!!!!!!!!!!!!!!!!!!!!!!!!!!!!!!
!!!!!!!!!!!!!!!!!!!!!!!!!!!!!!!!!!!!!!!!!!!!!!!!!!!!!!!!!!!!!!!!!!!!!!!!!!!!!!!!
INFO  [2013-09-24 17:15:51,026] com.yammer.dropwizard.cli.ServerCommand: Starting library-service
INFO  [2013-09-24 17:15:51,027] org.eclipse.jetty.server.Server: jetty-8.1.10.v20130312
INFO  [2013-09-24 17:15:51,130] com.sun.jersey.server.impl.application.WebApplicationImpl: Initiating Jersey application, version 'Jersey: 1.17.1 02/28/2013 12:47 PM'
INFO  [2013-09-24 17:15:51,198] com.yammer.dropwizard.config.Environment: The following paths were found for the configured resources:

    GET     /library/v1/ (edu.sjsu.cmpe.library.api.resources.RootResource)
    DELETE  /library/v1/books/{isbn} (edu.sjsu.cmpe.library.api.resources.BookResource)
    GET     /library/v1/books/{isbn} (edu.sjsu.cmpe.library.api.resources.BookResource)
    GET     /library/v1/books/{isbn}/authors (edu.sjsu.cmpe.library.api.resources.BookResource)
    GET     /library/v1/books/{isbn}/authors/{id} (edu.sjsu.cmpe.library.api.resources.BookResource)
    GET     /library/v1/books/{isbn}/reviews (edu.sjsu.cmpe.library.api.resources.BookResource)
    GET     /library/v1/books/{isbn}/reviews/{id} (edu.sjsu.cmpe.library.api.resources.BookResource)
    POST    /library/v1/books (edu.sjsu.cmpe.library.api.resources.BookResource)
    POST    /library/v1/books/{isbn}/reviews (edu.sjsu.cmpe.library.api.resources.BookResource)
    PUT     /library/v1/books/{isbn} (edu.sjsu.cmpe.library.api.resources.BookResource)

INFO  [2013-09-24 17:15:51,198] com.yammer.dropwizard.config.Environment: tasks = 

    POST    /tasks/gc (com.yammer.dropwizard.tasks.GarbageCollectionTask)

INFO  [2013-09-24 17:15:51,534] org.eclipse.jetty.server.AbstractConnector: Started InstrumentedBlockingChannelConnector@0.0.0.0:8080
INFO  [2013-09-24 17:15:51,538] org.eclipse.jetty.server.AbstractConnector: Started SocketConnector@0.0.0.0:8081
INFO  [2013-09-24 17:17:37,675] org.eclipse.jetty.server.Server: Graceful shutdown SocketConnector@0.0.0.0:8081
INFO  [2013-09-24 17:17:37,678] org.eclipse.jetty.server.Server: Graceful shutdown InstrumentedBlockingChannelConnector@0.0.0.0:8080
INFO  [2013-09-24 17:17:37,680] org.eclipse.jetty.server.Server: Graceful shutdown o.e.j.s.ServletContextHandler{/,null}
INFO  [2013-09-24 17:17:37,680] org.eclipse.jetty.server.Server: Graceful shutdown o.e.j.s.ServletContextHandler{/,file:/Users/john/cmpe273-assignment1/target/classes/}
INFO  [2013-09-24 17:17:39,736] org.eclipse.jetty.server.handler.ContextHandler: stopped o.e.j.s.ServletContextHandler{/,file:/Users/john/cmpe273-assignment1/target/classes/}
INFO  [2013-09-24 17:17:39,736] org.eclipse.jetty.server.handler.ContextHandler: stopped o.e.j.s.ServletContextHandler{/,null}
WARN  [2013-09-24 17:17:48,834] com.yammer.dropwizard.config.ServerFactory: 
!!!!!!!!!!!!!!!!!!!!!!!!!!!!!!!!!!!!!!!!!!!!!!!!!!!!!!!!!!!!!!!!!!!!!!!!!!!!!!!!
!!!!!!!!!!!!!!!!!!!!!!!!!!!!!!!!!!!!!!!!!!!!!!!!!!!!!!!!!!!!!!!!!!!!!!!!!!!!!!!!
!    THIS SERVICE HAS NO HEALTHCHECKS. THIS MEANS YOU WILL NEVER KNOW IF IT    !
!    DIES IN PRODUCTION, WHICH MEANS YOU WILL NEVER KNOW IF YOU'RE LETTING     !
!     YOUR USERS DOWN. YOU SHOULD ADD A HEALTHCHECK FOR EACH DEPENDENCY OF     !
!     YOUR SERVICE WHICH FULLY (BUT LIGHTLY) TESTS YOUR SERVICE'S ABILITY TO   !
!      USE THAT SERVICE. THINK OF IT AS A CONTINUOUS INTEGRATION TEST.         !
!!!!!!!!!!!!!!!!!!!!!!!!!!!!!!!!!!!!!!!!!!!!!!!!!!!!!!!!!!!!!!!!!!!!!!!!!!!!!!!!
!!!!!!!!!!!!!!!!!!!!!!!!!!!!!!!!!!!!!!!!!!!!!!!!!!!!!!!!!!!!!!!!!!!!!!!!!!!!!!!!
INFO  [2013-09-24 17:17:48,906] com.yammer.dropwizard.cli.ServerCommand: Starting library-service
INFO  [2013-09-24 17:17:48,908] org.eclipse.jetty.server.Server: jetty-8.1.10.v20130312
INFO  [2013-09-24 17:17:49,011] com.sun.jersey.server.impl.application.WebApplicationImpl: Initiating Jersey application, version 'Jersey: 1.17.1 02/28/2013 12:47 PM'
INFO  [2013-09-24 17:17:49,080] com.yammer.dropwizard.config.Environment: The following paths were found for the configured resources:

    GET     /library/v1/ (edu.sjsu.cmpe.library.api.resources.RootResource)
    DELETE  /library/v1/books/{isbn} (edu.sjsu.cmpe.library.api.resources.BookResource)
    GET     /library/v1/books/{isbn} (edu.sjsu.cmpe.library.api.resources.BookResource)
    GET     /library/v1/books/{isbn}/authors (edu.sjsu.cmpe.library.api.resources.BookResource)
    GET     /library/v1/books/{isbn}/authors/{id} (edu.sjsu.cmpe.library.api.resources.BookResource)
    GET     /library/v1/books/{isbn}/reviews (edu.sjsu.cmpe.library.api.resources.BookResource)
    GET     /library/v1/books/{isbn}/reviews/{id} (edu.sjsu.cmpe.library.api.resources.BookResource)
    POST    /library/v1/books (edu.sjsu.cmpe.library.api.resources.BookResource)
    POST    /library/v1/books/{isbn}/reviews (edu.sjsu.cmpe.library.api.resources.BookResource)
    PUT     /library/v1/books/{isbn} (edu.sjsu.cmpe.library.api.resources.BookResource)

INFO  [2013-09-24 17:17:49,080] com.yammer.dropwizard.config.Environment: tasks = 

    POST    /tasks/gc (com.yammer.dropwizard.tasks.GarbageCollectionTask)

INFO  [2013-09-24 17:17:49,403] org.eclipse.jetty.server.AbstractConnector: Started InstrumentedBlockingChannelConnector@0.0.0.0:8080
INFO  [2013-09-24 17:17:49,407] org.eclipse.jetty.server.AbstractConnector: Started SocketConnector@0.0.0.0:8081
INFO  [2013-09-24 17:20:28,944] org.eclipse.jetty.server.Server: Graceful shutdown SocketConnector@0.0.0.0:8081
INFO  [2013-09-24 17:20:28,945] org.eclipse.jetty.server.Server: Graceful shutdown InstrumentedBlockingChannelConnector@0.0.0.0:8080
INFO  [2013-09-24 17:20:28,947] org.eclipse.jetty.server.Server: Graceful shutdown o.e.j.s.ServletContextHandler{/,null}
INFO  [2013-09-24 17:20:28,947] org.eclipse.jetty.server.Server: Graceful shutdown o.e.j.s.ServletContextHandler{/,file:/Users/john/cmpe273-assignment1/target/classes/}
INFO  [2013-09-24 17:20:31,007] org.eclipse.jetty.server.handler.ContextHandler: stopped o.e.j.s.ServletContextHandler{/,file:/Users/john/cmpe273-assignment1/target/classes/}
INFO  [2013-09-24 17:20:31,007] org.eclipse.jetty.server.handler.ContextHandler: stopped o.e.j.s.ServletContextHandler{/,null}
